2023/07/27 14:40:08 INFO  - jmeter.util.JMeterUtils: Setting Locale to en 
2023/07/27 14:40:08 INFO  - jmeter.JMeter: Loading user properties from: /usr/share/jmeter/bin/user.properties 
2023/07/27 14:40:08 INFO  - jmeter.JMeter: Loading system properties from: /usr/share/jmeter/bin/system.properties 
2023/07/27 14:40:08 INFO  - jmeter.JMeter: Setting JMeter property: threads=500 
2023/07/27 14:40:08 INFO  - jmeter.JMeter: Copyright (c) 1998-2015 The Apache Software Foundation 
2023/07/27 14:40:08 INFO  - jmeter.JMeter: Version 2.13.19691222 
2023/07/27 14:40:08 INFO  - jmeter.JMeter: java.version=17.0.7 
2023/07/27 14:40:08 INFO  - jmeter.JMeter: java.vm.name=OpenJDK 64-Bit Server VM 
2023/07/27 14:40:08 INFO  - jmeter.JMeter: os.name=Linux 
2023/07/27 14:40:08 INFO  - jmeter.JMeter: os.arch=amd64 
2023/07/27 14:40:08 INFO  - jmeter.JMeter: os.version=5.19.0-1025-aws 
2023/07/27 14:40:08 INFO  - jmeter.JMeter: file.encoding=UTF-8 
2023/07/27 14:40:08 INFO  - jmeter.JMeter: Default Locale=English 
2023/07/27 14:40:08 INFO  - jmeter.JMeter: JMeter  Locale=English 
2023/07/27 14:40:08 INFO  - jmeter.JMeter: JMeterHome=/usr/share/jmeter 
2023/07/27 14:40:08 INFO  - jmeter.JMeter: user.dir  =/home/ubuntu/apache-jmeter-5.6.2/bin/checkout 
2023/07/27 14:40:08 INFO  - jmeter.JMeter: PWD       =/home/ubuntu/apache-jmeter-5.6.2/bin/checkout 
2023/07/27 14:40:08 INFO  - jmeter.JMeter: IP: 172.31.18.173 Name: ip-172-31-18-173 FullName: ip-172-31-18-173.ap-southeast-3.compute.internal 
2023/07/27 14:40:08 INFO  - jmeter.services.FileServer: Default base='/home/ubuntu/apache-jmeter-5.6.2/bin/checkout' 
2023/07/27 14:40:08 INFO  - jmeter.services.FileServer: Set new base='/home/ubuntu/apache-jmeter-5.6.2/bin/checkout' 
2023/07/27 14:40:09 INFO  - jmeter.save.SaveService: Testplan (JMX) version: 2.2. Testlog (JTL) version: 2.2 
2023/07/27 14:40:09 INFO  - jmeter.save.SaveService: Using SaveService properties version 2.8 
2023/07/27 14:40:09 INFO  - jmeter.save.SaveService: Using SaveService properties file version 1656252 
2023/07/27 14:40:09 INFO  - jmeter.save.SaveService: Using SaveService properties file encoding UTF-8 
2023/07/27 14:40:09 INFO  - jmeter.save.SaveService: All converter versions present and correct 
2023/07/27 14:40:09 INFO  - jmeter.save.SaveService: Loading file: checkout_2_1.jmx 
2023/07/27 14:40:09 ERROR - jmeter.JMeter: Error in NonGUIDriver com.thoughtworks.xstream.security.ForbiddenClassException: org.apache.jmeter.save.ScriptWrapper
	at com.thoughtworks.xstream.security.NoTypePermission.allows(NoTypePermission.java:26)
	at com.thoughtworks.xstream.mapper.SecurityMapper.realClass(SecurityMapper.java:74)
	at com.thoughtworks.xstream.mapper.MapperWrapper.realClass(MapperWrapper.java:125)
	at org.apache.jmeter.save.SaveService$XStreamWrapper$1.realClass(SaveService.java:94)
	at com.thoughtworks.xstream.mapper.MapperWrapper.realClass(MapperWrapper.java:125)
	at com.thoughtworks.xstream.mapper.CachingMapper.realClass(CachingMapper.java:47)
	at com.thoughtworks.xstream.core.util.HierarchicalStreams.readClassType(HierarchicalStreams.java:29)
	at com.thoughtworks.xstream.core.TreeUnmarshaller.start(TreeUnmarshaller.java:133)
	at com.thoughtworks.xstream.core.AbstractTreeMarshallingStrategy.unmarshal(AbstractTreeMarshallingStrategy.java:32)
	at com.thoughtworks.xstream.XStream.unmarshal(XStream.java:1392)
	at com.thoughtworks.xstream.XStream.unmarshal(XStream.java:1377)
	at com.thoughtworks.xstream.XStream.fromXML(XStream.java:1262)
	at org.apache.jmeter.save.SaveService.readTree(SaveService.java:559)
	at org.apache.jmeter.save.SaveService.loadTree(SaveService.java:537)
	at org.apache.jmeter.JMeter.runNonGui(JMeter.java:751)
	at org.apache.jmeter.JMeter.startNonGui(JMeter.java:738)
	at org.apache.jmeter.JMeter.start(JMeter.java:397)
	at java.base/jdk.internal.reflect.NativeMethodAccessorImpl.invoke0(Native Method)
	at java.base/jdk.internal.reflect.NativeMethodAccessorImpl.invoke(NativeMethodAccessorImpl.java:77)
	at java.base/jdk.internal.reflect.DelegatingMethodAccessorImpl.invoke(DelegatingMethodAccessorImpl.java:43)
	at java.base/java.lang.reflect.Method.invoke(Method.java:568)
	at org.apache.jmeter.NewDriver.main(NewDriver.java:264)

